// component: /i_i2c
// library: work
// files:
/home/warehouse/shenkaijie/Documents/coreAssembler/design/parkinggate/components/i_i2c/src/DW_apb_i2c_cc_constants.v
/home/warehouse/shenkaijie/Documents/coreAssembler/design/parkinggate/components/i_i2c/src/DW_apb_i2c_bcm_params.v
/home/warehouse/shenkaijie/Documents/coreAssembler/design/parkinggate/components/i_i2c/src/DW_apb_i2c_bcm57.v
/home/warehouse/shenkaijie/Documents/coreAssembler/design/parkinggate/components/i_i2c/src/DW_apb_i2c_bcm21.v
/home/warehouse/shenkaijie/Documents/coreAssembler/design/parkinggate/components/i_i2c/src/DW_apb_i2c_bcm41.v
/home/warehouse/shenkaijie/Documents/coreAssembler/design/parkinggate/components/i_i2c/src/DW_apb_i2c_bcm06.v
/home/warehouse/shenkaijie/Documents/coreAssembler/design/parkinggate/components/i_i2c/src/DW_apb_i2c_biu.v
/home/warehouse/shenkaijie/Documents/coreAssembler/design/parkinggate/components/i_i2c/src/DW_apb_i2c_regfile.v
/home/warehouse/shenkaijie/Documents/coreAssembler/design/parkinggate/components/i_i2c/src/DW_apb_i2c_fifo.v
/home/warehouse/shenkaijie/Documents/coreAssembler/design/parkinggate/components/i_i2c/src/DW_apb_i2c_intctl.v
/home/warehouse/shenkaijie/Documents/coreAssembler/design/parkinggate/components/i_i2c/src/DW_apb_i2c_rx_filter.v
/home/warehouse/shenkaijie/Documents/coreAssembler/design/parkinggate/components/i_i2c/src/DW_apb_i2c_clk_gen.v
/home/warehouse/shenkaijie/Documents/coreAssembler/design/parkinggate/components/i_i2c/src/DW_apb_i2c_mstfsm.v
/home/warehouse/shenkaijie/Documents/coreAssembler/design/parkinggate/components/i_i2c/src/DW_apb_i2c_sync.v
/home/warehouse/shenkaijie/Documents/coreAssembler/design/parkinggate/components/i_i2c/src/DW_apb_i2c_slvfsm.v
/home/warehouse/shenkaijie/Documents/coreAssembler/design/parkinggate/components/i_i2c/src/DW_apb_i2c_tx_shift.v
/home/warehouse/shenkaijie/Documents/coreAssembler/design/parkinggate/components/i_i2c/src/DW_apb_i2c_rx_shift.v
/home/warehouse/shenkaijie/Documents/coreAssembler/design/parkinggate/components/i_i2c/src/DW_apb_i2c_toggle.v
/home/warehouse/shenkaijie/Documents/coreAssembler/design/parkinggate/components/i_i2c/src/DW_apb_i2c_dma.v
/home/warehouse/shenkaijie/Documents/coreAssembler/design/parkinggate/components/i_i2c/src/DW_apb_i2c.v
/home/warehouse/shenkaijie/Documents/coreAssembler/design/parkinggate/components/i_i2c/src/DW_apb_i2c-undef.v

