RPT_INFO:Time Scale 1

RPT_INFO:Time Units ns

 
****************************************
Report : clocks
Design : parking
Version: J-2014.09-SP5
Date   : Sat Nov 28 20:52:08 2015
****************************************

Attributes:
    d - dont_touch_network
    f - fix_hold
    p - propagated_clock
    G - generated_clock
    g - lib_generated_clock

Clock          Period   Waveform            Attrs     Sources
--------------------------------------------------------------------------------
HCLK_hclk        6.00   {0 3}                         {HCLK_hclk}
PCLK_pclk        6.00   {0 3}                         {PCLK_pclk}
i_i2c_ic_clk     6.00   {0 3}                         {i_i2c_ic_clk}
--------------------------------------------------------------------------------
1
