 
****************************************
Report : reference
Design : parking
Version: J-2014.09-SP5
Date   : Sat Nov 28 20:52:08 2015
****************************************

Attributes:
    b - black box (unknown)
   bo - allows boundary optimization
    d - dont_touch
   mo - map_only
    h - hierarchical
    n - noncombinational
    r - removable
    s - synthetic operator
    u - contains unmapped logic

Reference          Library       Unit Area   Count    Total Area   Attributes
-----------------------------------------------------------------------------
AN2P               lsi_10k        2.000000     400    800.000000  
AN3                lsi_10k        2.000000      64    128.000000  
AN3P               lsi_10k        3.000000       8     24.000000  
AN4P               lsi_10k        3.000000      13     39.000000  
AO1P               lsi_10k        2.000000      13     26.000000  
AO2                lsi_10k        2.000000     153    306.000000  
AO2P               lsi_10k        4.000000       8     32.000000  
AO3                lsi_10k        2.000000     147    294.000000  
AO3P               lsi_10k        4.000000      79    316.000000  
AO4                lsi_10k        2.000000      50    100.000000  
AO4P               lsi_10k        4.000000       1      4.000000  
AO5                lsi_10k        3.000000       1      3.000000  
AO6                lsi_10k        2.000000      99    198.000000  
AO6P               lsi_10k        3.000000      24     72.000000  
AO7                lsi_10k        2.000000     182    364.000000  
AO7P               lsi_10k        3.000000      40    120.000000  
AO11               lsi_10k        5.000000       1      5.000000  
B2I                lsi_10k        2.000000      56    112.000000  
B2IP               lsi_10k        4.000000      23     92.000000  
B3IP               lsi_10k        4.000000       9     36.000000  
B4I                lsi_10k        2.000000      16     32.000000  
B4IP               lsi_10k        4.000000       2      8.000000  
B5IP               lsi_10k        3.000000       1      3.000000  
EN                 lsi_10k        3.000000     188    564.000000  
ENP                lsi_10k        4.000000       5     20.000000  
EO                 lsi_10k        3.000000     120    360.000000  
EO1                lsi_10k        3.000000       6     18.000000  
EO1P               lsi_10k        4.000000       1      4.000000  
EON1               lsi_10k        3.000000       6     18.000000  
EOP                lsi_10k        4.000000      11     44.000000  
FA1A               lsi_10k        8.000000       6     48.000000  r
FD1                lsi_10k        7.000000      24    168.000000  n
FD1P               lsi_10k        8.000000       6     48.000000  n
FD2                lsi_10k        9.000000     948   8532.000000  n
FD2P               lsi_10k       10.000000     109   1090.000000  n
FD3                lsi_10k        9.000000       2     18.000000  n
FD4                lsi_10k        8.000000      52    416.000000  n
HA1                lsi_10k        5.000000      18     90.000000  r
IVA                lsi_10k        1.000000     344    344.000000  
IVAP               lsi_10k        2.000000      22     44.000000  
IVDA               lsi_10k        1.000000     141    141.000000  
IVDAP              lsi_10k        2.000000      26     52.000000  
IVP                lsi_10k        1.000000     231    231.000000  
MUX21H             lsi_10k        4.000000      35    140.000000  
MUX21HP            lsi_10k        5.000000       1      5.000000  
MUX21L             lsi_10k        3.000000     564   1692.000000  
MUX21LP            lsi_10k        4.000000      16     64.000000  
MUX31L             lsi_10k        4.000000       1      4.000000  
ND2                lsi_10k        1.000000    1709   1709.000000  
ND2P               lsi_10k        2.000000     165    330.000000  
ND3                lsi_10k        2.000000      98    196.000000  
ND3P               lsi_10k        3.000000      10     30.000000  
ND4                lsi_10k        2.000000     107    214.000000  
ND4P               lsi_10k        4.000000      32    128.000000  
ND6P               lsi_10k        5.000000       1      5.000000  
NR2                lsi_10k        1.000000     572    572.000000  
NR2P               lsi_10k        2.000000     113    226.000000  
NR3                lsi_10k        2.000000      14     28.000000  
NR3P               lsi_10k        3.000000       4     12.000000  
NR4                lsi_10k        2.000000       9     18.000000  
OR2P               lsi_10k        2.000000     300    600.000000  
OR3                lsi_10k        2.000000      24     48.000000  
OR3P               lsi_10k        3.000000       1      3.000000  
OR4                lsi_10k        3.000000       8     24.000000  
OR4P               lsi_10k        3.000000       2      6.000000  
-----------------------------------------------------------------------------
Total 65 references                                 21418.000000
1
